2024/06/27 16:36:58 MongoDB configuration environment variables not set
2024/06/27 16:37:12 MongoDB configuration environment variables not set
2024/06/27 17:06:51 Connected to MongoDB
2024/06/27 17:06:51 Monitoring & Logging Service running...
2024/06/28 15:21:00 Connected to MongoDB
2024/06/28 15:21:00 Monitoring & Logging Service running...
2024/06/28 16:04:31 Connected to MongoDB
2024/06/28 16:04:31 Monitoring & Logging Service running...
2024/06/28 16:20:28 Connected to MongoDB
2024/06/28 16:20:28 Monitoring & Logging Service running...
2024/06/28 16:59:09 Connected to MongoDB
2024/06/28 16:59:09 Monitoring & Logging Service running...
2024/06/28 17:02:50 Inserted log into MongoDB: Inserted product into MySQL: {ItemCode:K-6 Name:Kopi ABC Price:120 Category:Kopi Jenis:Arabika}
2024/06/28 17:04:25 Connected to MongoDB
2024/06/28 17:04:25 Monitoring & Logging Service running...
2024/06/28 17:04:25 Inserted log into MongoDB: Inserted product into MySQL: {ItemCode:K-7 Name:Kopi ABC Price:120 Category:Kopi Jenis:Arabika}
2024/06/28 17:05:26 Connected to MongoDB
2024/06/28 17:05:26 Monitoring & Logging Service running...
2024/06/28 17:05:31 Inserted product into MySQL: {ItemCode:K-8 Name:Kopi ABC Price:120 Category:Kopi Jenis:Arabika}
2024/06/28 17:06:19 Failed to process message from product_update_queue: could not update product: Error 1146 (42S02): Table 'order-service.products' doesn't exist
2024/06/28 17:06:56 Failed to process message from product_update_queue: could not update product: Error 1146 (42S02): Table 'order-service.products' doesn't exist
2024/06/28 17:09:11 Updated product in MySQL: {ItemCode:K-8 Name:Kopi ABCD Price:120 Category:Kopi Jenis:Arabika}
2024/06/28 17:10:33 Updated product in MySQL: {ItemCode:K-7 Name:Kopi ABCD Price:120 Category:Kopi Jenis:Arabika}
2024/06/28 17:12:04 Updated product in MySQL: {ItemCode:K-7 Name:Kopi ABCD Price:120 Category:Kopi Jenis:Arabika}
2024/06/28 17:12:04 Updated product in MySQL: {ItemCode:K-7 Name:Kopi ABCDE Price:120 Category:Kopi Jenis:Arabika}
2024/06/28 17:12:54 Failed to process message from product_insert_queue: could not insert product: Error 1062 (23000): Duplicate entry 'K-7' for key 'PRIMARY'
2024/06/28 17:13:15 Failed to process message from product_insert_queue: could not insert product: Error 1062 (23000): Duplicate entry 'K-7' for key 'PRIMARY'
